<?xml version="1.0" encoding="UTF-8"?>
<!-- Generated by org.testng.reporters.JUnitReportReporter -->
<testsuite name="com.qspiders.DemoA" tests="1" time="0.003" ignored="0" failures="0" timestamp="25 Feb 2017 14:08:45 GMT" skipped="0" hostname="Vijay" errors="0">
  <testcase name="testA" time="0.003" classname="com.qspiders.DemoA"/>
</testsuite> <!-- com.qspiders.DemoA -->
