<?xml version="1.0" encoding="UTF-8"?>
<!-- Generated by org.testng.reporters.JUnitReportReporter -->
<testsuite name="com.qspiders.Demo" tests="1" time="0.014" ignored="0" failures="0" timestamp="25 Feb 2017 14:08:45 GMT" skipped="0" hostname="Vijay" errors="0">
  <testcase name="test" time="0.014" classname="com.qspiders.Demo"/>
</testsuite> <!-- com.qspiders.Demo -->
